{"level":"info","message":"Server running on port 3001","timestamp":"2025-01-03T09:49:08.378Z"}
{"level":"info","message":"MongoDB connected successfully","timestamp":"2025-01-03T09:49:09.469Z"}
{"_message":"Graph validation failed","errors":{"idx":{"kind":"required","message":"Path `idx` is required.","name":"ValidatorError","path":"idx","properties":{"message":"Path `idx` is required.","path":"idx","type":"required"}},"query":{"kind":"required","message":"Path `query` is required.","name":"ValidatorError","path":"query","properties":{"message":"Path `query` is required.","path":"query","type":"required"}},"response":{"kind":"required","message":"Path `response` is required.","name":"ValidatorError","path":"response","properties":{"message":"Path `response` is required.","path":"response","type":"required"}},"total_tokens":{"kind":"required","message":"Path `total_tokens` is required.","name":"ValidatorError","path":"total_tokens","properties":{"message":"Path `total_tokens` is required.","path":"total_tokens","type":"required"}}},"level":"error","message":"Error creating graph: Graph validation failed: total_tokens: Path `total_tokens` is required., response: Path `response` is required., query: Path `query` is required., idx: Path `idx` is required.","stack":"ValidationError: Graph validation failed: total_tokens: Path `total_tokens` is required., response: Path `response` is required., query: Path `query` is required., idx: Path `idx` is required.\n    at Document.invalidate (C:\\Anubhav\\Cyber-Security-Graph\\Backend\\node_modules\\mongoose\\lib\\document.js:3219:32)\n    at C:\\Anubhav\\Cyber-Security-Graph\\Backend\\node_modules\\mongoose\\lib\\document.js:3012:17\n    at C:\\Anubhav\\Cyber-Security-Graph\\Backend\\node_modules\\mongoose\\lib\\schematype.js:1368:9\n    at process.processTicksAndRejections (node:internal/process/task_queues:77:11)","timestamp":"2025-01-03T09:53:47.486Z"}
{"level":"error","message":"ValidationError: Graph validation failed: total_tokens: Path `total_tokens` is required., response: Path `response` is required., query: Path `query` is required., idx: Path `idx` is required.\n    at Document.invalidate (C:\\Anubhav\\Cyber-Security-Graph\\Backend\\node_modules\\mongoose\\lib\\document.js:3219:32)\n    at C:\\Anubhav\\Cyber-Security-Graph\\Backend\\node_modules\\mongoose\\lib\\document.js:3012:17\n    at C:\\Anubhav\\Cyber-Security-Graph\\Backend\\node_modules\\mongoose\\lib\\schematype.js:1368:9\n    at process.processTicksAndRejections (node:internal/process/task_queues:77:11)","timestamp":"2025-01-03T09:53:47.490Z"}
{"level":"error","message":"TypeError: Cannot read properties of undefined (reading 'emit')\n    at exports.createGraph (C:\\Anubhav\\Cyber-Security-Graph\\Backend\\src\\controllers\\graphController.js:7:22)\n    at process.processTicksAndRejections (node:internal/process/task_queues:95:5)","timestamp":"2025-01-03T09:58:26.457Z"}
{"level":"info","message":"Server running on port 3001","timestamp":"2025-01-03T10:01:09.004Z"}
{"level":"info","message":"MongoDB connected successfully","timestamp":"2025-01-03T10:01:09.806Z"}
{"level":"info","message":"Server running on port 3001","timestamp":"2025-01-03T10:02:10.367Z"}
{"level":"info","message":"MongoDB connected successfully","timestamp":"2025-01-03T10:02:11.233Z"}
{"level":"info","message":"Server running on port 3001","timestamp":"2025-01-03T10:02:29.621Z"}
{"level":"info","message":"MongoDB connected successfully","timestamp":"2025-01-03T10:02:30.543Z"}
{"level":"info","message":"Server running on port 3001","timestamp":"2025-01-03T10:03:34.992Z"}
{"level":"info","message":"MongoDB connected successfully","timestamp":"2025-01-03T10:03:35.705Z"}
{"code":11000,"index":0,"keyPattern":{"idx":1},"keyValue":{"idx":"msg_001"},"level":"error","message":"Error creating graph: E11000 duplicate key error collection: test.graphs index: idx_1 dup key: { idx: \"msg_001\" }","stack":"MongoServerError: E11000 duplicate key error collection: test.graphs index: idx_1 dup key: { idx: \"msg_001\" }\n    at C:\\Anubhav\\Cyber-Security-Graph\\Backend\\node_modules\\mongodb\\lib\\operations\\insert.js:50:33\n    at C:\\Anubhav\\Cyber-Security-Graph\\Backend\\node_modules\\mongodb\\lib\\operations\\command.js:84:64\n    at process.processTicksAndRejections (node:internal/process/task_queues:95:5)","timestamp":"2025-01-03T10:04:30.762Z"}
{"level":"error","message":"MongoServerError: E11000 duplicate key error collection: test.graphs index: idx_1 dup key: { idx: \"msg_001\" }\n    at C:\\Anubhav\\Cyber-Security-Graph\\Backend\\node_modules\\mongodb\\lib\\operations\\insert.js:50:33\n    at C:\\Anubhav\\Cyber-Security-Graph\\Backend\\node_modules\\mongodb\\lib\\operations\\command.js:84:64\n    at process.processTicksAndRejections (node:internal/process/task_queues:95:5)","timestamp":"2025-01-03T10:04:30.765Z"}
{"level":"info","message":"Server running on port 3001","timestamp":"2025-01-03T11:12:17.684Z"}
{"level":"info","message":"MongoDB connected successfully","timestamp":"2025-01-03T11:12:18.466Z"}
{"level":"info","message":"Server running on port 3001","timestamp":"2025-01-03T11:12:31.853Z"}
{"level":"info","message":"MongoDB connected successfully","timestamp":"2025-01-03T11:12:32.630Z"}
{"level":"info","message":"Server running on port 3001","timestamp":"2025-01-03T11:13:20.070Z"}
{"level":"info","message":"MongoDB connected successfully","timestamp":"2025-01-03T11:13:21.088Z"}
{"level":"info","message":"Server running on port 3001","timestamp":"2025-01-03T11:13:36.376Z"}
{"level":"info","message":"MongoDB connected successfully","timestamp":"2025-01-03T11:13:37.128Z"}
{"level":"error","message":"Error updating node: socket.getIO is not a function","stack":"TypeError: socket.getIO is not a function\n    at exports.updateNode (C:\\Anubhav\\Cyber-Security-Graph\\Backend\\src\\controllers\\graphController.js:54:25)\n    at process.processTicksAndRejections (node:internal/process/task_queues:95:5)","timestamp":"2025-01-03T11:26:57.669Z"}
{"level":"error","message":"TypeError: socket.getIO is not a function\n    at exports.updateNode (C:\\Anubhav\\Cyber-Security-Graph\\Backend\\src\\controllers\\graphController.js:54:25)\n    at process.processTicksAndRejections (node:internal/process/task_queues:95:5)","timestamp":"2025-01-03T11:26:57.695Z"}
{"level":"info","message":"Server running on port 3001","timestamp":"2025-01-03T11:27:36.242Z"}
{"level":"info","message":"MongoDB connected successfully","timestamp":"2025-01-03T11:27:36.960Z"}
{"level":"info","message":"Server running on port 3001","timestamp":"2025-01-03T11:27:39.165Z"}
{"level":"info","message":"Server running on port 3001","timestamp":"2025-01-03T11:27:41.016Z"}
{"level":"info","message":"MongoDB connected successfully","timestamp":"2025-01-03T11:27:41.716Z"}
{"level":"info","message":"Server running on port 3001","timestamp":"2025-01-03T11:27:45.246Z"}
{"level":"info","message":"MongoDB connected successfully","timestamp":"2025-01-03T11:27:45.871Z"}
{"level":"info","message":"Server running on port 3001","timestamp":"2025-01-03T11:27:48.024Z"}
{"level":"info","message":"MongoDB connected successfully","timestamp":"2025-01-03T11:27:48.634Z"}
{"level":"error","message":"Error updating node: socket.getIO is not a function","stack":"TypeError: socket.getIO is not a function\n    at exports.updateNode (C:\\Anubhav\\Cyber-Security-Graph\\Backend\\src\\controllers\\graphController.js:56:25)\n    at process.processTicksAndRejections (node:internal/process/task_queues:95:5)","timestamp":"2025-01-03T11:27:54.843Z"}
{"level":"error","message":"TypeError: socket.getIO is not a function\n    at exports.updateNode (C:\\Anubhav\\Cyber-Security-Graph\\Backend\\src\\controllers\\graphController.js:56:25)\n    at process.processTicksAndRejections (node:internal/process/task_queues:95:5)","timestamp":"2025-01-03T11:27:54.846Z"}
{"level":"info","message":"Server running on port 3001","timestamp":"2025-01-03T11:29:27.664Z"}
{"level":"info","message":"MongoDB connected successfully","timestamp":"2025-01-03T11:29:28.426Z"}
{"level":"info","message":"Server running on port 3001","timestamp":"2025-01-03T11:31:45.509Z"}
{"level":"info","message":"Server running on port 3001","timestamp":"2025-01-03T11:31:48.755Z"}
{"level":"info","message":"MongoDB connected successfully","timestamp":"2025-01-03T11:31:50.745Z"}
{"level":"info","message":"Server running on port 3001","timestamp":"2025-01-03T11:53:41.497Z"}
{"level":"info","message":"MongoDB connected successfully","timestamp":"2025-01-03T11:53:42.602Z"}
{"level":"info","message":"Server running on port 3001","timestamp":"2025-01-03T11:53:46.870Z"}
{"level":"info","message":"MongoDB connected successfully","timestamp":"2025-01-03T11:53:47.588Z"}
{"level":"info","message":"Server running on port 3001","timestamp":"2025-01-03T12:00:16.914Z"}
{"level":"info","message":"MongoDB connected successfully","timestamp":"2025-01-03T12:00:17.825Z"}
{"level":"info","message":"Server running on port 3001","timestamp":"2025-01-03T12:00:24.504Z"}
{"level":"info","message":"MongoDB connected successfully","timestamp":"2025-01-03T12:00:25.276Z"}
